This is pdfTeX, Version 3.14159265-2.6-1.40.15 (TeX Live 2014) (preloaded format=pdflatex 2015.4.15)  23 APR 2015 20:15
entering extended mode
 restricted \write18 enabled.
 file:line:error style messages enabled.
 %&-line parsing enabled.
**essay_1.tex
(./essay_1.tex
LaTeX2e <2014/05/01>
Babel <3.9k> and hyphenation patterns for 78 languages loaded.
(/usr/local/texlive/2014/texmf-dist/tex/latex/base/article.cls
Document Class: article 2007/10/19 v1.4h Standard LaTeX document class
(/usr/local/texlive/2014/texmf-dist/tex/latex/base/size12.clo
File: size12.clo 2007/10/19 v1.4h Standard LaTeX file (size option)
)
\c@part=\count79
\c@section=\count80
\c@subsection=\count81
\c@subsubsection=\count82
\c@paragraph=\count83
\c@subparagraph=\count84
\c@figure=\count85
\c@table=\count86
\abovecaptionskip=\skip41
\belowcaptionskip=\skip42
\bibindent=\dimen102
)
(/usr/local/texlive/2014/texmf-dist/tex/latex/geometry/geometry.sty
Package: geometry 2010/09/12 v5.6 Page Geometry

(/usr/local/texlive/2014/texmf-dist/tex/latex/graphics/keyval.sty
Package: keyval 2014/05/08 v1.15 key=value parser (DPC)
\KV@toks@=\toks14
)
(/usr/local/texlive/2014/texmf-dist/tex/generic/oberdiek/ifpdf.sty
Package: ifpdf 2011/01/30 v2.3 Provides the ifpdf switch (HO)
Package ifpdf Info: pdfTeX in PDF mode is detected.
)
(/usr/local/texlive/2014/texmf-dist/tex/generic/oberdiek/ifvtex.sty
Package: ifvtex 2010/03/01 v1.5 Detect VTeX and its facilities (HO)
Package ifvtex Info: VTeX not detected.
)
(/usr/local/texlive/2014/texmf-dist/tex/generic/ifxetex/ifxetex.sty
Package: ifxetex 2010/09/12 v0.6 Provides ifxetex conditional
)
\Gm@cnth=\count87
\Gm@cntv=\count88
\c@Gm@tempcnt=\count89
\Gm@bindingoffset=\dimen103
\Gm@wd@mp=\dimen104
\Gm@odd@mp=\dimen105
\Gm@even@mp=\dimen106
\Gm@layoutwidth=\dimen107
\Gm@layoutheight=\dimen108
\Gm@layouthoffset=\dimen109
\Gm@layoutvoffset=\dimen110
\Gm@dimlist=\toks15
)
(/usr/local/texlive/2014/texmf-dist/tex/latex/listings/listings.sty
\lst@mode=\count90
\lst@gtempboxa=\box26
\lst@token=\toks16
\lst@length=\count91
\lst@currlwidth=\dimen111
\lst@column=\count92
\lst@pos=\count93
\lst@lostspace=\dimen112
\lst@width=\dimen113
\lst@newlines=\count94
\lst@lineno=\count95
\lst@maxwidth=\dimen114

(/usr/local/texlive/2014/texmf-dist/tex/latex/listings/lstmisc.sty
File: lstmisc.sty 2014/03/04 1.5c (Carsten Heinz)
\c@lstnumber=\count96
\lst@skipnumbers=\count97
\lst@framebox=\box27
)
(/usr/local/texlive/2014/texmf-dist/tex/latex/listings/listings.cfg
File: listings.cfg 2014/03/04 1.5c listings configuration
))
Package: listings 2014/03/04 1.5c (Carsten Heinz)

(/usr/local/texlive/2014/texmf-dist/tex/latex/graphics/graphicx.sty
Package: graphicx 2014/04/25 v1.0g Enhanced LaTeX Graphics (DPC,SPQR)

(/usr/local/texlive/2014/texmf-dist/tex/latex/graphics/graphics.sty
Package: graphics 2009/02/05 v1.0o Standard LaTeX Graphics (DPC,SPQR)

(/usr/local/texlive/2014/texmf-dist/tex/latex/graphics/trig.sty
Package: trig 1999/03/16 v1.09 sin cos tan (DPC)
)
(/usr/local/texlive/2014/texmf-dist/tex/latex/latexconfig/graphics.cfg
File: graphics.cfg 2010/04/23 v1.9 graphics configuration of TeX Live
)
Package graphics Info: Driver file: pdftex.def on input line 91.

(/usr/local/texlive/2014/texmf-dist/tex/latex/pdftex-def/pdftex.def
File: pdftex.def 2011/05/27 v0.06d Graphics/color for pdfTeX

(/usr/local/texlive/2014/texmf-dist/tex/generic/oberdiek/infwarerr.sty
Package: infwarerr 2010/04/08 v1.3 Providing info/warning/error messages (HO)
)
(/usr/local/texlive/2014/texmf-dist/tex/generic/oberdiek/ltxcmds.sty
Package: ltxcmds 2011/11/09 v1.22 LaTeX kernel commands for general use (HO)
)
\Gread@gobject=\count98
))
\Gin@req@height=\dimen115
\Gin@req@width=\dimen116
)
(/usr/local/texlive/2014/texmf-dist/tex/latex/float/float.sty
Package: float 2001/11/08 v1.3d Float enhancements (AL)
\c@float@type=\count99
\float@exts=\toks17
\float@box=\box28
\@float@everytoks=\toks18
\@floatcapt=\box29
)
(/usr/local/texlive/2014/texmf-dist/tex/latex/wrapfig/wrapfig.sty
\wrapoverhang=\dimen117
\WF@size=\dimen118
\c@WF@wrappedlines=\count100
\WF@box=\box30
\WF@everypar=\toks19
Package: wrapfig 2003/01/31  v 3.6
)
(/usr/local/texlive/2014/texmf-dist/tex/latex/lipsum/lipsum.sty
Package: lipsum 2011/04/14 v1.2 150 paragraphs of Lorem Ipsum dummy text
\c@lips@count=\count101
) (./essay_1.aux

LaTeX Warning: Label `fig:speciation' multiply defined.


LaTeX Warning: Label `fig:speciation' multiply defined.


LaTeX Warning: Label `fig:speciation' multiply defined.


LaTeX Warning: Label `fig:speciation' multiply defined.


LaTeX Warning: Label `fig:speciation' multiply defined.

)
\openout1 = `essay_1.aux'.

LaTeX Font Info:    Checking defaults for OML/cmm/m/it on input line 39.
LaTeX Font Info:    ... okay on input line 39.
LaTeX Font Info:    Checking defaults for T1/cmr/m/n on input line 39.
LaTeX Font Info:    ... okay on input line 39.
LaTeX Font Info:    Checking defaults for OT1/cmr/m/n on input line 39.
LaTeX Font Info:    ... okay on input line 39.
LaTeX Font Info:    Checking defaults for OMS/cmsy/m/n on input line 39.
LaTeX Font Info:    ... okay on input line 39.
LaTeX Font Info:    Checking defaults for OMX/cmex/m/n on input line 39.
LaTeX Font Info:    ... okay on input line 39.
LaTeX Font Info:    Checking defaults for U/cmr/m/n on input line 39.
LaTeX Font Info:    ... okay on input line 39.

*geometry* driver: auto-detecting
*geometry* detected driver: pdftex
*geometry* verbose mode - [ preamble ] result:
* driver: pdftex
* paper: a4paper
* layout: <same size as paper>
* layoutoffset:(h,v)=(0.0pt,0.0pt)
* modes: 
* h-part:(L,W,R)=(89.62709pt, 418.25368pt, 89.6271pt)
* v-part:(T,H,B)=(101.40665pt, 591.5302pt, 152.11pt)
* \paperwidth=597.50787pt
* \paperheight=845.04684pt
* \textwidth=418.25368pt
* \textheight=591.5302pt
* \oddsidemargin=17.3571pt
* \evensidemargin=17.3571pt
* \topmargin=-7.86334pt
* \headheight=12.0pt
* \headsep=25.0pt
* \topskip=12.0pt
* \footskip=30.0pt
* \marginparwidth=44.0pt
* \marginparsep=10.0pt
* \columnsep=10.0pt
* \skip\footins=10.8pt plus 4.0pt minus 2.0pt
* \hoffset=0.0pt
* \voffset=0.0pt
* \mag=1000
* \@twocolumnfalse
* \@twosidefalse
* \@mparswitchfalse
* \@reversemarginfalse
* (1in=72.27pt=25.4mm, 1cm=28.453pt)

\c@lstlisting=\count102
(/usr/local/texlive/2014/texmf-dist/tex/context/base/supp-pdf.mkii
[Loading MPS to PDF converter (version 2006.09.02).]
\scratchcounter=\count103
\scratchdimen=\dimen119
\scratchbox=\box31
\nofMPsegments=\count104
\nofMParguments=\count105
\everyMPshowfont=\toks20
\MPscratchCnt=\count106
\MPscratchDim=\dimen120
\MPnumerator=\count107
\makeMPintoPDFobject=\count108
\everyMPtoPDFconversion=\toks21
) (/usr/local/texlive/2014/texmf-dist/tex/generic/oberdiek/pdftexcmds.sty
Package: pdftexcmds 2011/11/29 v0.20 Utility functions of pdfTeX for LuaTeX (HO
)

(/usr/local/texlive/2014/texmf-dist/tex/generic/oberdiek/ifluatex.sty
Package: ifluatex 2010/03/01 v1.3 Provides the ifluatex switch (HO)
Package ifluatex Info: LuaTeX not detected.
)
Package pdftexcmds Info: LuaTeX not detected.
Package pdftexcmds Info: \pdf@primitive is available.
Package pdftexcmds Info: \pdf@ifprimitive is available.
Package pdftexcmds Info: \pdfdraftmode found.
)
(/usr/local/texlive/2014/texmf-dist/tex/latex/oberdiek/epstopdf-base.sty
Package: epstopdf-base 2010/02/09 v2.5 Base part for package epstopdf

(/usr/local/texlive/2014/texmf-dist/tex/latex/oberdiek/grfext.sty
Package: grfext 2010/08/19 v1.1 Manage graphics extensions (HO)

(/usr/local/texlive/2014/texmf-dist/tex/generic/oberdiek/kvdefinekeys.sty
Package: kvdefinekeys 2011/04/07 v1.3 Define keys (HO)
))
(/usr/local/texlive/2014/texmf-dist/tex/latex/oberdiek/kvoptions.sty
Package: kvoptions 2011/06/30 v3.11 Key value format for package options (HO)

(/usr/local/texlive/2014/texmf-dist/tex/generic/oberdiek/kvsetkeys.sty
Package: kvsetkeys 2012/04/25 v1.16 Key value parser (HO)

(/usr/local/texlive/2014/texmf-dist/tex/generic/oberdiek/etexcmds.sty
Package: etexcmds 2011/02/16 v1.5 Avoid name clashes with e-TeX commands (HO)
Package etexcmds Info: Could not find \expanded.
(etexcmds)             That can mean that you are not using pdfTeX 1.50 or
(etexcmds)             that some package has redefined \expanded.
(etexcmds)             In the latter case, load this package earlier.
)))
Package grfext Info: Graphics extension search list:
(grfext)             [.png,.pdf,.jpg,.mps,.jpeg,.jbig2,.jb2,.PNG,.PDF,.JPG,.JPE
G,.JBIG2,.JB2,.eps]
(grfext)             \AppendGraphicsExtensions on input line 452.

(/usr/local/texlive/2014/texmf-dist/tex/latex/latexconfig/epstopdf-sys.cfg
File: epstopdf-sys.cfg 2010/07/13 v1.3 Configuration of (r)epstopdf for TeX Liv
e
))
LaTeX Font Info:    External font `cmex10' loaded for size
(Font)              <12> on input line 57.
LaTeX Font Info:    External font `cmex10' loaded for size
(Font)              <8> on input line 57.
LaTeX Font Info:    External font `cmex10' loaded for size
(Font)              <6> on input line 57.

[1

{/usr/local/texlive/2014/texmf-var/fonts/map/pdftex/updmap/pdftex.map}]
(./essay_1.toc)
\tf@toc=\write3
\openout3 = `essay_1.toc'.

 [1]
(/usr/local/texlive/2014/texmf-dist/tex/latex/listings/lstlang1.sty
File: lstlang1.sty 2014/03/04 1.5c listings language file
)
(/usr/local/texlive/2014/texmf-dist/tex/latex/listings/lstmisc.sty
File: lstmisc.sty 2014/03/04 1.5c (Carsten Heinz)
) [2]
Package epstopdf Info: Source file: <Pictures/loop1.eps>
(epstopdf)                    date: 2015-04-21 18:43:00
(epstopdf)                    size: 35086 bytes
(epstopdf)             Output file: <Pictures/loop1-eps-converted-to.pdf>
(epstopdf)                    date: 2015-04-21 20:02:25
(epstopdf)                    size: 23659 bytes
(epstopdf)             Command: <repstopdf --outfile=Pictures/loop1-eps-convert
ed-to.pdf Pictures/loop1.eps>
(epstopdf)             \includegraphics on input line 113.
Package epstopdf Info: Output file is already uptodate.

<Pictures/loop1-eps-converted-to.pdf, id=17, 578.16pt x 433.62pt>
File: Pictures/loop1-eps-converted-to.pdf Graphic file (type pdf)

<use Pictures/loop1-eps-converted-to.pdf>
Package pdftex.def Info: Pictures/loop1-eps-converted-to.pdf used on input line
 113.
(pdftex.def)             Requested size: 418.25368pt x 313.68826pt.
 [3]
Package epstopdf Info: Source file: <Pictures/loop2.eps>
(epstopdf)                    date: 2015-04-21 18:43:01
(epstopdf)                    size: 32882 bytes
(epstopdf)             Output file: <Pictures/loop2-eps-converted-to.pdf>
(epstopdf)                    date: 2015-04-21 20:02:26
(epstopdf)                    size: 22371 bytes
(epstopdf)             Command: <repstopdf --outfile=Pictures/loop2-eps-convert
ed-to.pdf Pictures/loop2.eps>
(epstopdf)             \includegraphics on input line 133.
Package epstopdf Info: Output file is already uptodate.

<Pictures/loop2-eps-converted-to.pdf, id=21, 578.16pt x 433.62pt>
File: Pictures/loop2-eps-converted-to.pdf Graphic file (type pdf)

<use Pictures/loop2-eps-converted-to.pdf>
Package pdftex.def Info: Pictures/loop2-eps-converted-to.pdf used on input line
 133.
(pdftex.def)             Requested size: 418.25368pt x 313.68826pt.
 [4 <./Pictures/loop1-eps-converted-to.pdf>] [5 <./Pictures/loop2-eps-converted
-to.pdf>]
Package epstopdf Info: Source file: <Pictures/BestSchedules.eps>
(epstopdf)                    date: 2015-04-21 18:43:02
(epstopdf)                    size: 33535 bytes
(epstopdf)             Output file: <Pictures/BestSchedules-eps-converted-to.pd
f>
(epstopdf)                    date: 2015-04-21 20:03:12
(epstopdf)                    size: 20458 bytes
(epstopdf)             Command: <repstopdf --outfile=Pictures/BestSchedules-eps
-converted-to.pdf Pictures/BestSchedules.eps>
(epstopdf)             \includegraphics on input line 153.
Package epstopdf Info: Output file is already uptodate.

<Pictures/BestSchedules-eps-converted-to.pdf, id=105, 578.16pt x 433.62pt>
File: Pictures/BestSchedules-eps-converted-to.pdf Graphic file (type pdf)

<use Pictures/BestSchedules-eps-converted-to.pdf>
Package pdftex.def Info: Pictures/BestSchedules-eps-converted-to.pdf used on in
put line 153.
(pdftex.def)             Requested size: 418.25368pt x 313.68826pt.
 [6 <./Pictures/BestSchedules-eps-converted-to.pdf>] [7]
Package epstopdf Info: Source file: <Pictures/AffintySchedule.eps>
(epstopdf)                    date: 2015-04-21 18:43:03
(epstopdf)                    size: 30443 bytes
(epstopdf)             Output file: <Pictures/AffintySchedule-eps-converted-to.
pdf>
(epstopdf)                    date: 2015-04-21 20:03:32
(epstopdf)                    size: 18217 bytes
(epstopdf)             Command: <repstopdf --outfile=Pictures/AffintySchedule-e
ps-converted-to.pdf Pictures/AffintySchedule.eps>
(epstopdf)             \includegraphics on input line 189.
Package epstopdf Info: Output file is already uptodate.

<Pictures/AffintySchedule-eps-converted-to.pdf, id=151, 578.16pt x 433.62pt>
File: Pictures/AffintySchedule-eps-converted-to.pdf Graphic file (type pdf)

<use Pictures/AffintySchedule-eps-converted-to.pdf>
Package pdftex.def Info: Pictures/AffintySchedule-eps-converted-to.pdf used on 
input line 189.
(pdftex.def)             Requested size: 418.25368pt x 313.68826pt.
 [8]
Package epstopdf Info: Source file: <Pictures/L1afvdyn16.eps>
(epstopdf)                    date: 2015-04-21 22:38:06
(epstopdf)                    size: 30863 bytes
(epstopdf)             Output file: <Pictures/L1afvdyn16-eps-converted-to.pdf>
(epstopdf)                    date: 2015-04-21 22:39:30
(epstopdf)                    size: 20196 bytes
(epstopdf)             Command: <repstopdf --outfile=Pictures/L1afvdyn16-eps-co
nverted-to.pdf Pictures/L1afvdyn16.eps>
(epstopdf)             \includegraphics on input line 198.
Package epstopdf Info: Output file is already uptodate.

<Pictures/L1afvdyn16-eps-converted-to.pdf, id=155, 578.16pt x 433.62pt>
File: Pictures/L1afvdyn16-eps-converted-to.pdf Graphic file (type pdf)

<use Pictures/L1afvdyn16-eps-converted-to.pdf>
Package pdftex.def Info: Pictures/L1afvdyn16-eps-converted-to.pdf used on input
 line 198.
(pdftex.def)             Requested size: 418.25368pt x 313.68826pt.
 [9 <./Pictures/AffintySchedule-eps-converted-to.pdf>]
Package epstopdf Info: Source file: <Pictures/L2afvdyn8.eps>
(epstopdf)                    date: 2015-04-21 22:38:03
(epstopdf)                    size: 30771 bytes
(epstopdf)             Output file: <Pictures/L2afvdyn8-eps-converted-to.pdf>
(epstopdf)                    date: 2015-04-21 22:39:31
(epstopdf)                    size: 20231 bytes
(epstopdf)             Command: <repstopdf --outfile=Pictures/L2afvdyn8-eps-con
verted-to.pdf Pictures/L2afvdyn8.eps>
(epstopdf)             \includegraphics on input line 206.
Package epstopdf Info: Output file is already uptodate.

<Pictures/L2afvdyn8-eps-converted-to.pdf, id=191, 578.16pt x 433.62pt>
File: Pictures/L2afvdyn8-eps-converted-to.pdf Graphic file (type pdf)

<use Pictures/L2afvdyn8-eps-converted-to.pdf>
Package pdftex.def Info: Pictures/L2afvdyn8-eps-converted-to.pdf used on input 
line 206.
(pdftex.def)             Requested size: 418.25368pt x 313.68826pt.
 [10 <./Pictures/L1afvdyn16-eps-converted-to.pdf>] [11 <./Pictures/L2afvdyn8-ep
s-converted-to.pdf>]
(./essay_1.aux)

LaTeX Warning: There were multiply-defined labels.

 ) 
Here is how much of TeX's memory you used:
 3633 strings out of 493117
 52812 string characters out of 6135433
 232623 words of memory out of 5000000
 7044 multiletter control sequences out of 15000+600000
 9144 words of font info for 32 fonts, out of 8000000 for 9000
 1141 hyphenation exceptions out of 8191
 37i,6n,49p,1301b,940s stack positions out of 5000i,500n,10000p,200000b,80000s
</usr/local/texlive/2014/texmf-dist/fonts/type1/public/amsfonts/cm/cmbx12.pfb
></usr/local/texlive/2014/texmf-dist/fonts/type1/public/amsfonts/cm/cmcsc10.pfb
></usr/local/texlive/2014/texmf-dist/fonts/type1/public/amsfonts/cm/cmmi12.pfb>
</usr/local/texlive/2014/texmf-dist/fonts/type1/public/amsfonts/cm/cmmi8.pfb></
usr/local/texlive/2014/texmf-dist/fonts/type1/public/amsfonts/cm/cmr12.pfb></us
r/local/texlive/2014/texmf-dist/fonts/type1/public/amsfonts/cm/cmsy10.pfb></usr
/local/texlive/2014/texmf-dist/fonts/type1/public/amsfonts/cm/cmti12.pfb>
Output written on essay_1.pdf (12 pages, 205040 bytes).
PDF statistics:
 300 PDF objects out of 1000 (max. 8388607)
 73 compressed objects within 1 object stream
 0 named destinations out of 1000 (max. 500000)
 31 words of extra memory for PDF output out of 10000 (max. 10000000)

